<?xml version="1.0" encoding="UTF-8"?>
<!-- Generated by org.testng.reporters.JUnitReportReporter -->
<testsuite hostname="Manjit-PC" failures="0" tests="1" name="Driver.lab2" time="8.101" errors="0" timestamp="17 जून 2018 11:41:02 GMT" skipped="0">
  <testcase classname="Driver.lab2" name="m1" time="8.101"/>
</testsuite> <!-- Driver.lab2 -->
