<?xml version="1.0" encoding="UTF-8"?>
<!-- Generated by org.testng.reporters.JUnitReportReporter -->
<testsuite hostname="Manjit-PC" failures="0" tests="1" name="Driver.LAb1" time="20.582" errors="0" timestamp="16 जून 2018 05:09:22 GMT" skipped="0">
  <testcase classname="Driver.LAb1" name="launchBrowser" time="20.582"/>
</testsuite> <!-- Driver.LAb1 -->
