<?xml version="1.0" encoding="UTF-8"?>
<!-- Generated by org.testng.reporters.JUnitReportReporter -->
<testsuite hostname="Manjit-PC" failures="0" tests="1" name="Driver.lab2" time="8.316" errors="0" timestamp="17 जून 2018 13:07:44 GMT" skipped="0">
  <testcase classname="Driver.lab2" name="m1" time="8.316"/>
</testsuite> <!-- Driver.lab2 -->
